-------------------------------------------------------------------------------
Test set: HashMapTest
-------------------------------------------------------------------------------
Tests run: 3, Failures: 1, Errors: 0, Skipped: 0, Time elapsed: 0 s <<< FAILURE! - in HashMapTest
singleElementInsert  Time elapsed: 0 s  <<< FAILURE!
org.opentest4j.AssertionFailedError: Incorrect single element insert behavior ==> expected: <three> but was: <null>
	at HashMapTest.singleElementInsert(HashMapTest.java:16)

