<?xml version="1.0" encoding="UTF-8"?>
<testsuite xmlns:xsi="http://www.w3.org/2001/XMLSchema-instance" xsi:noNamespaceSchemaLocation="https://maven.apache.org/surefire/maven-surefire-plugin/xsd/surefire-test-report.xsd" name="HashMapTest" time="0.007" tests="13" errors="2" skipped="0" failures="2">
  <properties>
[...]
</properties>
  <testcase name="multipleElementDelete" classname="HashMapTest" time="0">
    <failure message="Incorrect multiple element delete ==&gt; expected: &lt;true&gt; but was: &lt;false&gt;" type="org.opentest4j.AssertionFailedError"><![CDATA[org.opentest4j.AssertionFailedError: Incorrect multiple element delete ==> expected: <true> but was: <false>
]]></failure>
    <system-out><![CDATA[Result of indexToBePlaced: 6
Result of value after insertion: six
Result of indexToBePlaced: 4
Result of value after insertion: four
Result of indexToBePlaced: 7
Result of value after insertion: seven
]]></system-out>
  </testcase>
  <testcase name="testSize" classname="HashMapTest" time="0"/>
  <testcase name="multipleElementInsert" classname="HashMapTest" time="0.001"/>
  <testcase name="multipleElementGetSize" classname="HashMapTest" time="0.001"/>
  <testcase name="emptyGetSize" classname="HashMapTest" time="0"/>
  <testcase name="multipleElementInsertWithDuplicate" classname="HashMapTest" time="0"/>
  <testcase name="emptyDelete" classname="HashMapTest" time="0.001"/>
  <testcase name="multipleElementDelete2" classname="HashMapTest" time="0.001">
    <error message="Index 10 out of bounds for length 10" type="java.lang.ArrayIndexOutOfBoundsException">java.lang.ArrayIndexOutOfBoundsException: Index 10 out of bounds for length 10
</error>
    <system-out><![CDATA[Result of indexToBePlaced: 0
Result of value after insertion: one hundred
Result of indexToBePlaced: 0
Result of indexToBePlaced at collision: 1
Result of value after insertion: fifty
Result of indexToBePlaced: 0
Result of indexToBePlaced at collision: 1
Result of indexToBePlaced at collision: 2
Result of value after insertion: one hundred fifty
Result of indexToBePlaced: 0
Result of indexToBePlaced at collision: 1
Result of indexToBePlaced at collision: 2
Result of indexToBePlaced at collision: 3
Result of value after insertion: forty
Result of indexToBePlaced: 1
Result of indexToBePlaced at collision: 2
Result of indexToBePlaced at collision: 3
Result of indexToBePlaced at collision: 4
Result of value after insertion: forty one
Result of indexToBePlaced: 0
Result of indexToBePlaced at collision: 1
Result of indexToBePlaced at collision: 2
Result of indexToBePlaced at collision: 3
Result of indexToBePlaced at collision: 4
Result of indexToBePlaced at collision: 5
Result of value after insertion: one hundred forty
Result of indexToBePlaced: 0
Result of indexToBePlaced at collision: 1
Result of indexToBePlaced at collision: 2
Result of indexToBePlaced at collision: 3
Result of indexToBePlaced at collision: 4
Result of indexToBePlaced at collision: 5
Result of indexToBePlaced at collision: 6
Result of value after insertion: one hundred sixty
Result of indexToBePlaced: 9
Result of value after insertion: one hundred thirty nine
Result of indexToBePlaced: 1
Result of indexToBePlaced at collision: 2
Result of indexToBePlaced at collision: 3
Result of indexToBePlaced at collision: 4
Result of indexToBePlaced at collision: 5
Result of indexToBePlaced at collision: 6
Result of indexToBePlaced at collision: 7
Result of value after insertion: one hundred forty one
Result of indexToBePlaced: 1
Result of indexToBePlaced at collision: 2
Result of indexToBePlaced at collision: 3
Result of indexToBePlaced at collision: 4
Result of indexToBePlaced at collision: 5
Result of indexToBePlaced at collision: 6
Result of indexToBePlaced at collision: 7
Result of indexToBePlaced at collision: 8
Result of value after insertion: one hundred fifty one
Result of indexToBePlaced: 1
]]></system-out>
  </testcase>
  <testcase name="multipleElementDelete3" classname="HashMapTest" time="0">
    <error message="Index 10 out of bounds for length 10" type="java.lang.ArrayIndexOutOfBoundsException">java.lang.ArrayIndexOutOfBoundsException: Index 10 out of bounds for length 10
</error>
    <system-out><![CDATA[Result of indexToBePlaced: 0
Result of value after insertion: one hundred
Result of indexToBePlaced: 0
Result of indexToBePlaced at collision: 1
Result of value after insertion: fifty
Result of indexToBePlaced: 0
Result of indexToBePlaced at collision: 1
Result of indexToBePlaced at collision: 2
Result of value after insertion: one hundred fifty
Result of indexToBePlaced: 0
Result of indexToBePlaced at collision: 1
Result of indexToBePlaced at collision: 2
Result of indexToBePlaced at collision: 3
Result of value after insertion: forty
Result of indexToBePlaced: 1
Result of indexToBePlaced at collision: 2
Result of indexToBePlaced at collision: 3
Result of indexToBePlaced at collision: 4
Result of value after insertion: forty one
Result of indexToBePlaced: 0
Result of indexToBePlaced at collision: 1
Result of indexToBePlaced at collision: 2
Result of indexToBePlaced at collision: 3
Result of indexToBePlaced at collision: 4
Result of indexToBePlaced at collision: 5
Result of value after insertion: one hundred forty
Result of indexToBePlaced: 0
Result of indexToBePlaced at collision: 1
Result of indexToBePlaced at collision: 2
Result of indexToBePlaced at collision: 3
Result of indexToBePlaced at collision: 4
Result of indexToBePlaced at collision: 5
Result of indexToBePlaced at collision: 6
Result of value after insertion: one hundred sixty
Result of indexToBePlaced: 9
Result of value after insertion: one hundred thirty nine
Result of indexToBePlaced: 1
Result of indexToBePlaced at collision: 2
Result of indexToBePlaced at collision: 3
Result of indexToBePlaced at collision: 4
Result of indexToBePlaced at collision: 5
Result of indexToBePlaced at collision: 6
Result of indexToBePlaced at collision: 7
Result of value after insertion: one hundred forty one
Result of indexToBePlaced: 1
Result of indexToBePlaced at collision: 2
Result of indexToBePlaced at collision: 3
Result of indexToBePlaced at collision: 4
Result of indexToBePlaced at collision: 5
Result of indexToBePlaced at collision: 6
Result of indexToBePlaced at collision: 7
Result of indexToBePlaced at collision: 8
Result of value after insertion: one hundred fifty one
Result of indexToBePlaced: 1
]]></system-out>
  </testcase>
  <testcase name="singleElementDelete" classname="HashMapTest" time="0">
    <failure message="Incorrect single element delete behavior ==&gt; expected: &lt;true&gt; but was: &lt;false&gt;" type="org.opentest4j.AssertionFailedError"><![CDATA[org.opentest4j.AssertionFailedError: Incorrect single element delete behavior ==> expected: <true> but was: <false>
]]></failure>
    <system-out><![CDATA[Result of indexToBePlaced: 6
Result of value after insertion: six
]]></system-out>
  </testcase>
  <testcase name="testNullValue" classname="HashMapTest" time="0"/>
  <testcase name="singleElementGetSize" classname="HashMapTest" time="0.001"/>
  <testcase name="singleElementInsert" classname="HashMapTest" time="0"/>
</testsuite>