<?xml version="1.0" encoding="UTF-8"?>
<testsuite xmlns:xsi="http://www.w3.org/2001/XMLSchema-instance" xsi:noNamespaceSchemaLocation="https://maven.apache.org/surefire/maven-surefire-plugin/xsd/surefire-test-report.xsd" name="BSTTest" time="0.019" tests="9" errors="1" skipped="0" failures="0">
  <properties>
[...]
</properties>
  <testcase name="testSize" classname="BSTTest" time="0.006"/>
  <testcase name="testNullValue" classname="BSTTest" time="0"/>
  <testcase name="multipleElementDelete" classname="BSTTest" time="0.005">
    <error message="Cannot read field &quot;value&quot; because &quot;anotherInteger&quot; is null" type="java.lang.NullPointerException">java.lang.NullPointerException: Cannot read field "value" because "anotherInteger" is null
	at BSTTest.multipleElementDelete(BSTTest.java:89)
</error>
    <system-out><![CDATA[Key found!
Key has right child!
Root Key after delete 7
Root value after Delete seven
Root left key: 4
Root left value: four
Root righ keyt: 7
Root right value: seven
KEY IS LESS THAN CURR SO GO LEFT
Key found!
deleting leaf node!
Root Key after delete 7
Root value after Delete seven
Root left key: null
Root left value: null
Root righ keyt: 7
Root right value: seven
Key found!
Key has right child!
Root Key after delete 7
Root value after Delete seven
Root left key: null
Root left value: null
Root righ keyt: 7
Root right value: seven
KEY IS LESS THAN CURR SO GO LEFT
]]></system-out>
  </testcase>
  <testcase name="multipleElementInsert" classname="BSTTest" time="0"/>
  <testcase name="multipleElementGetSize" classname="BSTTest" time="0.001"/>
  <testcase name="emptyGetSize" classname="BSTTest" time="0.001"/>
  <testcase name="multipleElementInsertWithDuplicate" classname="BSTTest" time="0"/>
  <testcase name="singleElementInsert" classname="BSTTest" time="0.001"/>
  <testcase name="singleElementGetSize" classname="BSTTest" time="0"/>
</testsuite>